<?xml version="1.0" encoding="UTF-8"?>
<robot generator="Robot 7.2.2 (Python 3.13.2 on darwin)" generated="2025-04-17T22:15:00.342878" rpa="false" schemaversion="5">
<suite id="s1" name="Crm" source="/Users/tonimertanen/PycharmProjects/crm/Tests/crm.robot">
<test id="s1-t1" name="Should be able to add new customer" line="12">
<kw name="Log" owner="BuiltIn">
<msg time="2025-04-17T22:15:00.394643" level="INFO">Starting the test case</msg>
<arg>Starting the test case</arg>
<doc>Logs the given message with the given level.</doc>
<status status="PASS" start="2025-04-17T22:15:00.394574" elapsed="0.000099"/>
</kw>
<kw name="Log" owner="BuiltIn">
<msg time="2025-04-17T22:15:00.394809" level="INFO">Opening the browser</msg>
<arg>Opening the browser</arg>
<doc>Logs the given message with the given level.</doc>
<status status="PASS" start="2025-04-17T22:15:00.394759" elapsed="0.000071"/>
</kw>
<kw name="Open Browser" owner="SeleniumLibrary">
<msg time="2025-04-17T22:15:00.394963" level="INFO">Opening browser 'chrome' to base url 'https://www.automationplayground.com/crm/'.</msg>
<arg>https://www.automationplayground.com/crm/</arg>
<arg>chrome</arg>
<doc>Opens a new browser instance to the optional ``url``.</doc>
<status status="PASS" start="2025-04-17T22:15:00.394897" elapsed="1.444649"/>
</kw>
<kw name="Wait Until Page Contains" owner="SeleniumLibrary">
<arg>Customers Are Priority One</arg>
<doc>Waits until ``text`` appears on the current page.</doc>
<status status="PASS" start="2025-04-17T22:15:01.840583" elapsed="0.399389"/>
</kw>
<kw name="Log" owner="BuiltIn">
<msg time="2025-04-17T22:15:02.240756" level="INFO">Clicking on the sign-in link</msg>
<arg>Clicking on the sign-in link</arg>
<doc>Logs the given message with the given level.</doc>
<status status="PASS" start="2025-04-17T22:15:02.240388" elapsed="0.000438"/>
</kw>
<kw name="Click Link" owner="SeleniumLibrary">
<msg time="2025-04-17T22:15:02.241785" level="INFO">Clicking link 'sign-in-link'.</msg>
<arg>sign-in-link</arg>
<doc>Clicks a link identified by ``locator``.</doc>
<status status="PASS" start="2025-04-17T22:15:02.241252" elapsed="0.285933"/>
</kw>
<kw name="Wait Until Page Contains" owner="SeleniumLibrary">
<arg>Login</arg>
<doc>Waits until ``text`` appears on the current page.</doc>
<status status="PASS" start="2025-04-17T22:15:02.527339" elapsed="0.008637"/>
</kw>
<kw name="Log" owner="BuiltIn">
<msg time="2025-04-17T22:15:02.536255" level="INFO">Entering the username and password</msg>
<arg>Entering the username and password</arg>
<doc>Logs the given message with the given level.</doc>
<status status="PASS" start="2025-04-17T22:15:02.536153" elapsed="0.000131"/>
</kw>
<kw name="Input Text" owner="SeleniumLibrary">
<msg time="2025-04-17T22:15:02.536461" level="INFO">Typing text 'testuser@testus.er' into text field 'email-id'.</msg>
<arg>email-id</arg>
<arg>testuser@testus.er</arg>
<doc>Types the given ``text`` into the text field identified by ``locator``.</doc>
<status status="PASS" start="2025-04-17T22:15:02.536369" elapsed="0.086008"/>
</kw>
<kw name="Input Text" owner="SeleniumLibrary">
<msg time="2025-04-17T22:15:02.622697" level="INFO">Typing text 'ekrfghweituv!!' into text field 'password'.</msg>
<arg>password</arg>
<arg>ekrfghweituv!!</arg>
<doc>Types the given ``text`` into the text field identified by ``locator``.</doc>
<status status="PASS" start="2025-04-17T22:15:02.622548" elapsed="0.030301"/>
</kw>
<kw name="Log" owner="BuiltIn">
<msg time="2025-04-17T22:15:02.653079" level="INFO">Clicking on the submit button</msg>
<arg>Clicking on the submit button</arg>
<doc>Logs the given message with the given level.</doc>
<status status="PASS" start="2025-04-17T22:15:02.652993" elapsed="0.000107"/>
</kw>
<kw name="Click Button" owner="SeleniumLibrary">
<msg time="2025-04-17T22:15:02.653261" level="INFO">Clicking button 'submit-id'.</msg>
<arg>submit-id</arg>
<doc>Clicks the button identified by ``locator``.</doc>
<status status="PASS" start="2025-04-17T22:15:02.653173" elapsed="0.028586"/>
</kw>
<kw name="Wait Until Page Contains" owner="SeleniumLibrary">
<arg>Our Happy Customers</arg>
<doc>Waits until ``text`` appears on the current page.</doc>
<status status="PASS" start="2025-04-17T22:15:02.681936" elapsed="0.254156"/>
</kw>
<kw name="Log" owner="BuiltIn">
<msg time="2025-04-17T22:15:02.936394" level="INFO">Clicking on the new customer button</msg>
<arg>Clicking on the new customer button</arg>
<doc>Logs the given message with the given level.</doc>
<status status="PASS" start="2025-04-17T22:15:02.936281" elapsed="0.000144"/>
</kw>
<kw name="Click Link" owner="SeleniumLibrary">
<msg time="2025-04-17T22:15:02.936605" level="INFO">Clicking link 'new-customer'.</msg>
<arg>new-customer</arg>
<doc>Clicks a link identified by ``locator``.</doc>
<status status="PASS" start="2025-04-17T22:15:02.936504" elapsed="0.306300"/>
</kw>
<kw name="Wait Until Page Contains" owner="SeleniumLibrary">
<arg>Add Customer</arg>
<doc>Waits until ``text`` appears on the current page.</doc>
<status status="PASS" start="2025-04-17T22:15:03.243006" elapsed="0.013941"/>
</kw>
<kw name="Log" owner="BuiltIn">
<msg time="2025-04-17T22:15:03.257238" level="INFO">Entering the customer information</msg>
<arg>Entering the customer information</arg>
<doc>Logs the given message with the given level.</doc>
<status status="PASS" start="2025-04-17T22:15:03.257124" elapsed="0.000234"/>
</kw>
<kw name="Input Text" owner="SeleniumLibrary">
<msg time="2025-04-17T22:15:03.257672" level="INFO">Typing text 'John.Doe@myste.ry' into text field 'EmailAddress'.</msg>
<arg>EmailAddress</arg>
<arg>John.Doe@myste.ry</arg>
<doc>Types the given ``text`` into the text field identified by ``locator``.</doc>
<status status="PASS" start="2025-04-17T22:15:03.257526" elapsed="0.033339"/>
</kw>
<kw name="Input Text" owner="SeleniumLibrary">
<msg time="2025-04-17T22:15:03.291272" level="INFO">Typing text 'John' into text field 'FirstName'.</msg>
<arg>FirstName</arg>
<arg>John</arg>
<doc>Types the given ``text`` into the text field identified by ``locator``.</doc>
<status status="PASS" start="2025-04-17T22:15:03.291096" elapsed="0.030207"/>
</kw>
<kw name="Input Text" owner="SeleniumLibrary">
<msg time="2025-04-17T22:15:03.321596" level="INFO">Typing text 'Doe' into text field 'LastName'.</msg>
<arg>LastName</arg>
<arg>Doe</arg>
<doc>Types the given ``text`` into the text field identified by ``locator``.</doc>
<status status="PASS" start="2025-04-17T22:15:03.321460" elapsed="0.026447"/>
</kw>
<kw name="Input Text" owner="SeleniumLibrary">
<msg time="2025-04-17T22:15:03.348154" level="INFO">Typing text 'New York' into text field 'City'.</msg>
<arg>City</arg>
<arg>New York</arg>
<doc>Types the given ``text`` into the text field identified by ``locator``.</doc>
<status status="PASS" start="2025-04-17T22:15:03.348036" elapsed="0.025230"/>
</kw>
<kw name="Select From List By Index" owner="SeleniumLibrary">
<msg time="2025-04-17T22:15:03.373525" level="INFO">Selecting options from selection list 'StateOrRegion' by index 7.</msg>
<arg>StateOrRegion</arg>
<arg>7</arg>
<doc>Selects options from selection list ``locator`` by ``indexes``.</doc>
<status status="PASS" start="2025-04-17T22:15:03.373397" elapsed="0.041124"/>
</kw>
<kw name="Select Radio Button" owner="SeleniumLibrary">
<msg time="2025-04-17T22:15:03.414729" level="INFO">Selecting 'male' from radio button 'gender'.</msg>
<arg>gender</arg>
<arg>male</arg>
<doc>Sets the radio button group ``group_name`` to ``value``.</doc>
<status status="PASS" start="2025-04-17T22:15:03.414644" elapsed="0.024099"/>
</kw>
<kw name="Select Checkbox" owner="SeleniumLibrary">
<msg time="2025-04-17T22:15:03.438973" level="INFO">Selecting checkbox 'promos-name'.</msg>
<arg>promos-name</arg>
<doc>Selects the checkbox identified by ``locator``.</doc>
<status status="PASS" start="2025-04-17T22:15:03.438859" elapsed="0.023791"/>
</kw>
<kw name="Log" owner="BuiltIn">
<msg time="2025-04-17T22:15:03.462851" level="INFO">Clicking on the submit button</msg>
<arg>Clicking on the submit button</arg>
<doc>Logs the given message with the given level.</doc>
<status status="PASS" start="2025-04-17T22:15:03.462773" elapsed="0.000102"/>
</kw>
<kw name="Click Button" owner="SeleniumLibrary">
<msg time="2025-04-17T22:15:03.463107" level="INFO">Clicking button 'Submit'.</msg>
<arg>Submit</arg>
<doc>Clicks the button identified by ``locator``.</doc>
<status status="PASS" start="2025-04-17T22:15:03.463027" elapsed="0.163578"/>
</kw>
<kw name="Wait Until Page Contains" owner="SeleniumLibrary">
<arg>Success! New customer added.</arg>
<doc>Waits until ``text`` appears on the current page.</doc>
<status status="PASS" start="2025-04-17T22:15:03.626848" elapsed="0.023359"/>
</kw>
<kw name="Sleep" owner="BuiltIn">
<msg time="2025-04-17T22:15:05.651870" level="INFO">Slept 2 seconds.</msg>
<arg>2s</arg>
<doc>Pauses the test executed for the given time.</doc>
<status status="PASS" start="2025-04-17T22:15:03.650361" elapsed="2.002172"/>
</kw>
<kw name="Close Browser" owner="SeleniumLibrary">
<doc>Closes the current browser.</doc>
<status status="PASS" start="2025-04-17T22:15:05.653590" elapsed="0.080504"/>
</kw>
<doc>This is some basic information about the TEST</doc>
<tag>1006</tag>
<tag>Contacts</tag>
<tag>Smoke</tag>
<status status="PASS" start="2025-04-17T22:15:00.394138" elapsed="5.340253"/>
</test>
<doc>This is some basic information about the whole SUITE</doc>
<status status="PASS" start="2025-04-17T22:15:00.343381" elapsed="5.391308"/>
</suite>
<statistics>
<total>
<stat pass="1" fail="0" skip="0">All Tests</stat>
</total>
<tag>
<stat pass="1" fail="0" skip="0">1006</stat>
<stat pass="1" fail="0" skip="0">Contacts</stat>
<stat pass="1" fail="0" skip="0">Smoke</stat>
</tag>
<suite>
<stat name="Crm" id="s1" pass="1" fail="0" skip="0">Crm</stat>
</suite>
</statistics>
<errors>
</errors>
</robot>
