<?xml version="1.0" encoding="UTF-8"?>
<robot generator="Robot 7.2.2 (Python 3.13.2 on darwin)" generated="2025-04-17T22:03:01.015326" rpa="false" schemaversion="5">
<suite id="s1" name="Crm" source="/Users/tonimertanen/PycharmProjects/crm/Tests/crm.robot">
<test id="s1-t1" name="Should be able to add new customer" line="12">
<kw name="Log" owner="BuiltIn">
<msg time="2025-04-17T22:03:01.064121" level="INFO">Starting the test case</msg>
<arg>Starting the test case</arg>
<doc>Logs the given message with the given level.</doc>
<status status="PASS" start="2025-04-17T22:03:01.064058" elapsed="0.000090"/>
</kw>
<kw name="Log" owner="BuiltIn">
<msg time="2025-04-17T22:03:01.064283" level="INFO">Opening the browser</msg>
<arg>Opening the browser</arg>
<doc>Logs the given message with the given level.</doc>
<status status="PASS" start="2025-04-17T22:03:01.064231" elapsed="0.000070"/>
</kw>
<kw name="Open Browser" owner="SeleniumLibrary">
<msg time="2025-04-17T22:03:01.064440" level="INFO">Opening browser 'chrome' to base url 'https://www.automationplayground.com/crm/'.</msg>
<arg>https://www.automationplayground.com/crm/</arg>
<arg>chrome</arg>
<doc>Opens a new browser instance to the optional ``url``.</doc>
<status status="PASS" start="2025-04-17T22:03:01.064372" elapsed="1.422296"/>
</kw>
<kw name="Wait Until Page Contains" owner="SeleniumLibrary">
<arg>Customers Are Priority One</arg>
<doc>Waits until ``text`` appears on the current page.</doc>
<status status="PASS" start="2025-04-17T22:03:02.487394" elapsed="0.010235"/>
</kw>
<kw name="Log" owner="BuiltIn">
<msg time="2025-04-17T22:03:02.497991" level="INFO">Clicking on the sign-in link</msg>
<arg>Clicking on the sign-in link</arg>
<doc>Logs the given message with the given level.</doc>
<status status="PASS" start="2025-04-17T22:03:02.497847" elapsed="0.000188"/>
</kw>
<kw name="Click Link" owner="SeleniumLibrary">
<msg time="2025-04-17T22:03:02.498470" level="INFO">Clicking link 'sign-in-link'.</msg>
<arg>sign-in-link</arg>
<doc>Clicks a link identified by ``locator``.</doc>
<status status="PASS" start="2025-04-17T22:03:02.498162" elapsed="0.275380"/>
</kw>
<kw name="Wait Until Page Contains" owner="SeleniumLibrary">
<arg>Login</arg>
<doc>Waits until ``text`` appears on the current page.</doc>
<status status="PASS" start="2025-04-17T22:03:02.773698" elapsed="0.008697"/>
</kw>
<kw name="Log" owner="BuiltIn">
<msg time="2025-04-17T22:03:02.782687" level="INFO">Entering the username and password</msg>
<arg>Entering the username and password</arg>
<doc>Logs the given message with the given level.</doc>
<status status="PASS" start="2025-04-17T22:03:02.782566" elapsed="0.000159"/>
</kw>
<kw name="Input Text" owner="SeleniumLibrary">
<msg time="2025-04-17T22:03:02.782958" level="INFO">Typing text 'testuser@testus.er' into text field 'email-id'.</msg>
<arg>email-id</arg>
<arg>testuser@testus.er</arg>
<doc>Types the given ``text`` into the text field identified by ``locator``.</doc>
<status status="PASS" start="2025-04-17T22:03:02.782829" elapsed="0.080526"/>
</kw>
<kw name="Input Text" owner="SeleniumLibrary">
<msg time="2025-04-17T22:03:02.863649" level="INFO">Typing text 'ekrfghweituv!!' into text field 'password'.</msg>
<arg>password</arg>
<arg>ekrfghweituv!!</arg>
<doc>Types the given ``text`` into the text field identified by ``locator``.</doc>
<status status="PASS" start="2025-04-17T22:03:02.863516" elapsed="0.030569"/>
</kw>
<kw name="Log" owner="BuiltIn">
<msg time="2025-04-17T22:03:02.894329" level="INFO">Clicking on the submit button</msg>
<arg>Clicking on the submit button</arg>
<doc>Logs the given message with the given level.</doc>
<status status="PASS" start="2025-04-17T22:03:02.894246" elapsed="0.000104"/>
</kw>
<kw name="Click Button" owner="SeleniumLibrary">
<msg time="2025-04-17T22:03:02.894501" level="INFO">Clicking button 'submit-id'.</msg>
<arg>submit-id</arg>
<doc>Clicks the button identified by ``locator``.</doc>
<status status="PASS" start="2025-04-17T22:03:02.894414" elapsed="0.030444"/>
</kw>
<kw name="Wait Until Page Contains" owner="SeleniumLibrary">
<arg>Our Happy Customers</arg>
<doc>Waits until ``text`` appears on the current page.</doc>
<status status="PASS" start="2025-04-17T22:03:02.925056" elapsed="0.231291"/>
</kw>
<kw name="Log" owner="BuiltIn">
<msg time="2025-04-17T22:03:03.156552" level="INFO">Clicking on the new customer button</msg>
<arg>Clicking on the new customer button</arg>
<doc>Logs the given message with the given level.</doc>
<status status="PASS" start="2025-04-17T22:03:03.156479" elapsed="0.000093"/>
</kw>
<kw name="Click Link" owner="SeleniumLibrary">
<msg time="2025-04-17T22:03:03.156713" level="INFO">Clicking link 'new-customer'.</msg>
<arg>new-customer</arg>
<doc>Clicks a link identified by ``locator``.</doc>
<status status="PASS" start="2025-04-17T22:03:03.156634" elapsed="0.297670"/>
</kw>
<kw name="Wait Until Page Contains" owner="SeleniumLibrary">
<arg>Add Customer</arg>
<doc>Waits until ``text`` appears on the current page.</doc>
<status status="PASS" start="2025-04-17T22:03:03.454491" elapsed="0.006923"/>
</kw>
<kw name="Log" owner="BuiltIn">
<msg time="2025-04-17T22:03:03.461637" level="INFO">Entering the customer information</msg>
<arg>Entering the customer information</arg>
<doc>Logs the given message with the given level.</doc>
<status status="PASS" start="2025-04-17T22:03:03.461545" elapsed="0.000119"/>
</kw>
<kw name="Input Text" owner="SeleniumLibrary">
<msg time="2025-04-17T22:03:03.461856" level="INFO">Typing text 'John.Doe@myste.ry' into text field 'EmailAddress'.</msg>
<arg>EmailAddress</arg>
<arg>John.Doe@myste.ry</arg>
<doc>Types the given ``text`` into the text field identified by ``locator``.</doc>
<status status="PASS" start="2025-04-17T22:03:03.461763" elapsed="0.033376"/>
</kw>
<kw name="Input Text" owner="SeleniumLibrary">
<msg time="2025-04-17T22:03:03.495392" level="INFO">Typing text 'John' into text field 'FirstName'.</msg>
<arg>FirstName</arg>
<arg>John</arg>
<doc>Types the given ``text`` into the text field identified by ``locator``.</doc>
<status status="PASS" start="2025-04-17T22:03:03.495272" elapsed="0.028082"/>
</kw>
<kw name="Input Text" owner="SeleniumLibrary">
<msg time="2025-04-17T22:03:03.523592" level="INFO">Typing text 'Doe' into text field 'LastName'.</msg>
<arg>LastName</arg>
<arg>Doe</arg>
<doc>Types the given ``text`` into the text field identified by ``locator``.</doc>
<status status="PASS" start="2025-04-17T22:03:03.523480" elapsed="0.024964"/>
</kw>
<kw name="Input Text" owner="SeleniumLibrary">
<msg time="2025-04-17T22:03:03.548676" level="INFO">Typing text 'New York' into text field 'City'.</msg>
<arg>City</arg>
<arg>New York</arg>
<doc>Types the given ``text`` into the text field identified by ``locator``.</doc>
<status status="PASS" start="2025-04-17T22:03:03.548563" elapsed="0.025144"/>
</kw>
<kw name="Select From List By Index" owner="SeleniumLibrary">
<msg time="2025-04-17T22:03:03.573970" level="INFO">Selecting options from selection list 'StateOrRegion' by index 7.</msg>
<arg>StateOrRegion</arg>
<arg>7</arg>
<doc>Selects options from selection list ``locator`` by ``indexes``.</doc>
<status status="PASS" start="2025-04-17T22:03:03.573841" elapsed="0.040426"/>
</kw>
<kw name="Select Radio Button" owner="SeleniumLibrary">
<msg time="2025-04-17T22:03:03.614488" level="INFO">Selecting 'male' from radio button 'gender'.</msg>
<arg>gender</arg>
<arg>male</arg>
<doc>Sets the radio button group ``group_name`` to ``value``.</doc>
<status status="PASS" start="2025-04-17T22:03:03.614399" elapsed="0.024999"/>
</kw>
<kw name="Log" owner="BuiltIn">
<msg time="2025-04-17T22:03:03.639597" level="INFO">Clicking on the submit button</msg>
<arg>Clicking on the submit button</arg>
<doc>Logs the given message with the given level.</doc>
<status status="PASS" start="2025-04-17T22:03:03.639517" elapsed="0.000102"/>
</kw>
<kw name="Click Button" owner="SeleniumLibrary">
<msg time="2025-04-17T22:03:03.639768" level="INFO">Clicking button 'Submit'.</msg>
<arg>Submit</arg>
<doc>Clicks the button identified by ``locator``.</doc>
<status status="PASS" start="2025-04-17T22:03:03.639691" elapsed="0.186134"/>
</kw>
<kw name="Wait Until Page Contains" owner="SeleniumLibrary">
<arg>Success! New customer added.</arg>
<doc>Waits until ``text`` appears on the current page.</doc>
<status status="PASS" start="2025-04-17T22:03:03.825992" elapsed="0.005850"/>
</kw>
<kw name="Sleep" owner="BuiltIn">
<msg time="2025-04-17T22:03:05.833988" level="INFO">Slept 2 seconds.</msg>
<arg>2s</arg>
<doc>Pauses the test executed for the given time.</doc>
<status status="PASS" start="2025-04-17T22:03:03.832031" elapsed="2.002667"/>
</kw>
<kw name="Close Browser" owner="SeleniumLibrary">
<doc>Closes the current browser.</doc>
<status status="PASS" start="2025-04-17T22:03:05.835800" elapsed="0.075961"/>
</kw>
<doc>This is some basic information about the TEST</doc>
<tag>1006</tag>
<tag>Contacts</tag>
<tag>Smoke</tag>
<status status="PASS" start="2025-04-17T22:03:01.063600" elapsed="4.848360"/>
</test>
<doc>This is some basic information about the whole SUITE</doc>
<status status="PASS" start="2025-04-17T22:03:01.016433" elapsed="4.895843"/>
</suite>
<statistics>
<total>
<stat pass="1" fail="0" skip="0">All Tests</stat>
</total>
<tag>
<stat pass="1" fail="0" skip="0">1006</stat>
<stat pass="1" fail="0" skip="0">Contacts</stat>
<stat pass="1" fail="0" skip="0">Smoke</stat>
</tag>
<suite>
<stat name="Crm" id="s1" pass="1" fail="0" skip="0">Crm</stat>
</suite>
</statistics>
<errors>
</errors>
</robot>
